2016-04-06 10:36:08 =SUPERVISOR REPORT====
     Supervisor: {local,robot_sup}
     Context:    child_terminated
     Reason:     normal
     Offender:   [{pid,<0.401.0>},{name,robot_server},{mfargs,{otp_util,callback_starting,[{worker,robot_server,anonym,[]},{anonym,{10,"192.168.0.254",5000}}]}},{restart_type,permanent},{shutdown,5000},{child_type,worker}]

2016-04-06 10:36:08 =SUPERVISOR REPORT====
     Supervisor: {local,robot_sup}
     Context:    shutdown
     Reason:     reached_max_restart_intensity
     Offender:   [{pid,<0.401.0>},{name,robot_server},{mfargs,{otp_util,callback_starting,[{worker,robot_server,anonym,[]},{anonym,{10,"192.168.0.254",5000}}]}},{restart_type,permanent},{shutdown,5000},{child_type,worker}]

2016-04-09 14:50:17 =SUPERVISOR REPORT====
     Supervisor: {local,robot_sup}
     Context:    child_terminated
     Reason:     normal
     Offender:   [{pid,<0.401.0>},{name,robot_server},{mfargs,{otp_util,callback_starting,[{worker,robot_server,anonym,[]},{anonym,{10,"192.168.0.254",5000}}]}},{restart_type,permanent},{shutdown,5000},{child_type,worker}]

2016-04-09 14:50:18 =SUPERVISOR REPORT====
     Supervisor: {local,robot_sup}
     Context:    shutdown
     Reason:     reached_max_restart_intensity
     Offender:   [{pid,<0.401.0>},{name,robot_server},{mfargs,{otp_util,callback_starting,[{worker,robot_server,anonym,[]},{anonym,{10,"192.168.0.254",5000}}]}},{restart_type,permanent},{shutdown,5000},{child_type,worker}]

2016-05-10 21:39:14 =CRASH REPORT====
  crasher:
    initial call: pangzi_worker:init/1
    pid: <0.146.0>
    registered_name: []
    exception exit: {{aborted,{no_exists,[player_auction_tab,[{'$1',[],['$1']}]]}},[{gen_server,init_it,6,[{file,"gen_server.erl"},{line,330}]},{proc_lib,init_p_do_apply,3,[{file,"proc_lib.erl"},{line,239}]}]}
    ancestors: [pangzi_sup,<0.93.0>]
    messages: []
    links: [<0.142.0>]
    dictionary: [{process_type,pangzi_worker},{process_name,"db_worker:player_auction_tab"},{pd_record_name,auction_tab},{pd_objs_size,0},{pd_table_name,player_auction_tab},{is_can_flush_data,true},{pd_load_all,true},{pd_shrink_size,1},{pd_keypos,2},{pd_field_size,3},{pd_shrink_interval,30}]
    trap_exit: true
    status: running
    heap_size: 610
    stack_size: 27
    reductions: 501
  neighbours:
2016-05-10 21:39:14 =SUPERVISOR REPORT====
     Supervisor: {local,pangzi_sup}
     Context:    start_error
     Reason:     {aborted,{no_exists,[player_auction_tab,[{'$1',[],['$1']}]]}}
     Offender:   [{pid,undefined},{name,player_auction_tab},{mfargs,{pangzi_worker,start_link,[{db_table_meta,player_auction_tab,set,[id,ver,auction_bag],auction_tab,3,false,undefined,true,[],1,30,undefined}]}},{restart_type,permanent},{shutdown,100},{child_type,worker}]

2016-05-10 21:39:14 =SUPERVISOR REPORT====
     Supervisor: {local,pangzi_sup}
     Context:    shutdown_error
     Reason:     killed
     Offender:   [{pid,<0.144.0>},{name,player_arena_log_tab},{mfargs,{pangzi_worker,start_link,[{db_table_meta,player_arena_log_tab,set,[id,log],undefined,5,false,undefined,false,[],10,30,undefined}]}},{restart_type,permanent},{shutdown,100},{child_type,worker}]

2016-05-10 21:39:14 =CRASH REPORT====
  crasher:
    initial call: application_master:init/4
    pid: <0.92.0>
    registered_name: []
    exception exit: {{{shutdown,{failed_to_start_child,player_auction_tab,{aborted,{no_exists,[player_auction_tab,[{'$1',[],['$1']}]]}}}},{pangzi_app,start,[normal,[]]}},[{application_master,init,4,[{file,"application_master.erl"},{line,133}]},{proc_lib,init_p_do_apply,3,[{file,"proc_lib.erl"},{line,239}]}]}
    ancestors: [<0.91.0>]
    messages: [{'EXIT',<0.93.0>,normal}]
    links: [<0.91.0>,<0.7.0>]
    dictionary: []
    trap_exit: true
    status: running
    heap_size: 1598
    stack_size: 27
    reductions: 153
  neighbours:
2016-05-10 21:40:58 =CRASH REPORT====
  crasher:
    initial call: pangzi_worker:init/1
    pid: <0.136.0>
    registered_name: []
    exception exit: {{aborted,{no_exists,[player_auction_tab,[{'$1',[],['$1']}]]}},[{gen_server,init_it,6,[{file,"gen_server.erl"},{line,330}]},{proc_lib,init_p_do_apply,3,[{file,"proc_lib.erl"},{line,239}]}]}
    ancestors: [pangzi_sup,<0.93.0>]
    messages: []
    links: [<0.132.0>]
    dictionary: [{process_type,pangzi_worker},{process_name,"db_worker:player_auction_tab"},{pd_record_name,auction_tab},{pd_objs_size,0},{pd_table_name,player_auction_tab},{is_can_flush_data,true},{pd_load_all,true},{pd_shrink_size,1},{pd_keypos,2},{pd_field_size,3},{pd_shrink_interval,30}]
    trap_exit: true
    status: running
    heap_size: 610
    stack_size: 27
    reductions: 500
  neighbours:
2016-05-10 21:40:58 =SUPERVISOR REPORT====
     Supervisor: {local,pangzi_sup}
     Context:    start_error
     Reason:     {aborted,{no_exists,[player_auction_tab,[{'$1',[],['$1']}]]}}
     Offender:   [{pid,undefined},{name,player_auction_tab},{mfargs,{pangzi_worker,start_link,[{db_table_meta,player_auction_tab,set,[id,ver,auction_bag],auction_tab,3,false,undefined,true,[],1,30,undefined}]}},{restart_type,permanent},{shutdown,100},{child_type,worker}]

2016-05-10 21:41:53 =CRASH REPORT====
  crasher:
    initial call: pangzi_worker:init/1
    pid: <0.136.0>
    registered_name: []
    exception exit: {{aborted,{no_exists,[player_auction_tab,[{'$1',[],['$1']}]]}},[{gen_server,init_it,6,[{file,"gen_server.erl"},{line,330}]},{proc_lib,init_p_do_apply,3,[{file,"proc_lib.erl"},{line,239}]}]}
    ancestors: [pangzi_sup,<0.93.0>]
    messages: []
    links: [<0.132.0>]
    dictionary: [{process_type,pangzi_worker},{process_name,"db_worker:player_auction_tab"},{pd_record_name,auction_tab},{pd_objs_size,0},{pd_table_name,player_auction_tab},{is_can_flush_data,true},{pd_load_all,true},{pd_shrink_size,1},{pd_keypos,2},{pd_field_size,3},{pd_shrink_interval,30}]
    trap_exit: true
    status: running
    heap_size: 610
    stack_size: 27
    reductions: 500
  neighbours:
2016-05-10 21:41:53 =SUPERVISOR REPORT====
     Supervisor: {local,pangzi_sup}
     Context:    start_error
     Reason:     {aborted,{no_exists,[player_auction_tab,[{'$1',[],['$1']}]]}}
     Offender:   [{pid,undefined},{name,player_auction_tab},{mfargs,{pangzi_worker,start_link,[{db_table_meta,player_auction_tab,set,[id,ver,auction_bag],auction_tab,3,false,undefined,true,[],1,30,undefined}]}},{restart_type,permanent},{shutdown,100},{child_type,worker}]

2016-05-10 21:46:20 =ERROR REPORT====
** Generic server <0.1127.0> terminating 
** Last message in was {evt_util,{room_new_end}}
** When Server state == {}
** Reason for termination == 
** {{badmatch,{error,enoent}},[{load_rule_chart,get_states,1,[{file,"src/game/util/rule_chart/load_rule_chart.erl"},{line,43}]},{mst_ai_sys,change_ai,3,[{file,"src/game/link/wk_room/monster_ai/mst_ai_sys.erl"},{line,114}]},{mst_ai_sys,init,2,[{file,"src/game/link/wk_room/monster_ai/mst_ai_sys.erl"},{line,60}]},{scene_monster,monster_enter_scene__,3,[{file,"src/game/link/wk_scene/agent_factory/agent/monster/scene_monster.erl"},{line,416}]},{rm_monster,'-create_monsters/1-fun-0-',1,[{file,"src/game/link/wk_room/room_plug/rm_monster.erl"},{line,38}]},{lists,foreach,2,[{file,"lists.erl"},{line,1336}]},{porsche_gearbox,evt_do,3,[{file,"src/game/util/rule_chart/porsche_gearbox.erl"},{line,424}]},{room_system,gearbox_callback,1,[{file,"src/game/link/wk_room/room_system.erl"},{line,447}]}]}
2016-05-10 21:46:20 =CRASH REPORT====
  crasher:
    initial call: room_scene:init/1
    pid: <0.1127.0>
    registered_name: []
    exception exit: {{{badmatch,{error,enoent}},[{load_rule_chart,get_states,1,[{file,"src/game/util/rule_chart/load_rule_chart.erl"},{line,43}]},{mst_ai_sys,change_ai,3,[{file,"src/game/link/wk_room/monster_ai/mst_ai_sys.erl"},{line,114}]},{mst_ai_sys,init,2,[{file,"src/game/link/wk_room/monster_ai/mst_ai_sys.erl"},{line,60}]},{scene_monster,monster_enter_scene__,3,[{file,"src/game/link/wk_scene/agent_factory/agent/monster/scene_monster.erl"},{line,416}]},{rm_monster,'-create_monsters/1-fun-0-',1,[{file,"src/game/link/wk_room/room_plug/rm_monster.erl"},{line,38}]},{lists,foreach,2,[{file,"lists.erl"},{line,1336}]},{porsche_gearbox,evt_do,3,[{file,"src/game/util/rule_chart/porsche_gearbox.erl"},{line,424}]},{room_system,gearbox_callback,1,[{file,"src/game/link/wk_room/room_system.erl"},{line,447}]}]},[{gen_server,terminate,6,[{file,"gen_server.erl"},{line,746}]},{proc_lib,init_p_do_apply,3,[{file,"proc_lib.erl"},{line,239}]}]}
    ancestors: [room_sup,mobile_game_sup,<0.918.0>]
    messages: []
    links: [<0.968.0>]
    dictionary: [{{pd_monster_die_count,2},0},{pd_is_monsters_flush_ok,false},{pd_cfg_relive,{20,16}},{{'@view_block@',{9,1}},{0,nil}},{{'@view_block@',{8,2}},{0,nil}},{'@chart_item_count@',96},{'@room_ex_type@',1},{player_move,[{'@room_porsche@',#Fun<porsche_gearbox.8.66971739>}]},{pd_map_block_count,{33,11,3}},{pd_type_mod,scene_main_ins},{{'@view_block@',{4,0}},{1,{-1,nil,nil}}},{pd_cfg_pk_modes,[3]},{{pd_monster_cfg,1001110},{monster_cfg,1001110,1,1,11,1,100001,0,6,35,1,35,[{2002011,100}],{0,2},[],1001110,20,1001110,35,1.5,none,1,1,1,1400,0,0,0,0,0}},{{'@view_block@',{5,2}},{1,{-1,nil,nil}}},{{'@view_block@',{6,3}},{0,nil}},{{'@view_block@',{1,0}},{1,{-1,nil,nil}}},{{'@view_block@',{11,2}},{0,nil}},{{'@view_block@',{8,3}},{0,nil}},{{'@room_porsche@',1,9},{rule_evt_data,0,1,[]}},{{'@view_block@',{5,1}},{1,{-1,nil,nil}}},{pd_map_width,107},{{'@room_porsche@',1,2},{rule_evt_data,0,1,[]}},{rule_set_state,[{#Fun<porsche_gearbox.0.66971739>,#Fun<porsche_gearbox.0.66971739>}]},{{'@view_block@',{6,1}},{1,{-1,nil,nil}}},{pd_map_height,23},{pd_scene_id,10031},{pd_monster_free_id,{0,nil}},{pd_monster_max_id,-1},{{'@view_block@',{5,3}},{0,nil}},{{'@view_block@',{2,0}},{1,{-1,nil,nil}}},{{'@room_porsche@',1,11},{rule_evt_data,0,1,[]}},{{'@view_block@',{5,0}},{1,{-1,nil,nil}}},{'@gearbox_over_times@',true},{'@gearbox_funckey_temp@',{'@room_porsche@',1,2}},{'@cur_timers_list@',[{timer_item,#Ref<0.0.0.4781>,1462887980411,{map_agent,on_check_relaxation,[-1]}},{timer_item,#Ref<0.0.0.4779>,1462887990309,{rm_system,check_empty_room,[30]}}]},{{pd_monster_born,2},{20,16,3}},{{'@view_block@',{10,3}},{0,nil}},{room_enter_room,[{'@room_porsche@',#Fun<porsche_gearbox.8.66971739>}]},{{'@view_block@',{9,2}},{0,nil}},{"scene_login_num",1},{{'@view_block@',{10,0}},{0,nil}},{{'@view_block@',{9,0}},{0,nil}},{{'@view_block@',{2,3}},{0,nil}},{{monster_idx,2},-1},{pd_map_id,map_10011},{{'@view_block@',{11,0}},{0,nil}},{room_new_end,[{'@room_porsche@',#Fun<porsche_gearbox.8.66971739>}]},{{'@view_block@',{3,1}},{1,{-1,nil,nil}}},{{'@view_block@',{4,2}},{1,{-1,nil,nil}}},{{'@view_block@',{6,2}},{1,{-1,nil,nil}}},{'@gearbox_temp@',{'@room_porsche@',{room_new_end}}},{'@room_porsche@',{gearbox_data,[{rule_porsche_state,1,1,[{rule_porsche_event,2,10005,1,[],[{rule_porsche_do,true,3,create_monsters,[[{1001110,20,16,0,3,1}]]},{rule_porsche_do,true,4,create_monsters,[[{1001110,24,15,0,7,2}]]},{rule_porsche_do,true,5,create_monsters,[[{1001110,25,17,0,7,3}]]},{rule_porsche_do,true,6,change_ai,[{1,talking}]},{rule_porsche_do,true,7,change_ai,[{2,talking}]},{rule_porsche_do,true,8,change_ai,[{3,talking}]}],[]},{rule_porsche_event,9,10001,1,[],[{rule_porsche_do,true,10,lock_area,[{1,{0,50}}]}],[]},{rule_porsche_event,11,10001,1,[],[{rule_porsche_do,true,12,set_state,[{0,2}]}],[]},{rule_porsche_event,10000,10002,-1,[],[{rule_porsche_do,nil,10001,can_do_lock_area,nil}],[]}]},{rule_porsche_state,13,2,[{rule_porsche_event,14,10001,1,[],[{rule_porsche_do,true,15,lock_area,[{1,{0,50}}]}],[]},{rule_porsche_event,16,10006,1,[],[{rule_porsche_do,true,17,set_timer,[{0,1091}]}],[]},{rule_porsche_event,18,1091,-1,[],[{rule_porsche_do,true,19,monster_speaking,[{1,60000}]},{rule_porsche_do,true,20,set_timer,[{5000,1092}]}],[]},{rule_porsche_event,21,1092,-1,[],[{rule_porsche_do,true,22,monster_speaking,[{2,60000}]},{rule_porsche_do,true,23,set_timer,[{5000,1091}]}],[]},{rule_porsche_event,24,10002,-1,[{rule_porsche_can,25,is_player_in_x,"\b"}],[{rule_porsche_do,true,26,set_state,[{0,3}]}],[]},{rule_porsche_event,10001,10002,-1,[],[{rule_porsche_do,nil,10001,can_do_lock_area,nil}],[]}]},{rule_porsche_state,27,3,[{rule_porsche_event,28,10001,1,[],[{rule_porsche_do,true,29,lock_area,[{1,{0,50}}]}],[]},{rule_porsche_event,30,10006,1,[],[{rule_porsche_do,true,31,create_monsters,[[{1001110,7,15,0,3,4}]]},{rule_porsche_do,true,32,create_monsters,[[{1001110,5,16,0,3,5}]]},{rule_porsche_do,true,33,create_monsters,[[{1001110,7,17,0,3,6}]]},{rule_porsche_do,true,34,monster_speaking,[{5,60000}]},{rule_porsche_do,true,35,change_ai,[{1,1001110}]},{rule_porsche_do,true,36,change_ai,[{2,1001110}]},{rule_porsche_do,true,37,change_ai,[{3,1001110}]},{rule_porsche_do,true,38,set_timer,[{2000,3091}]}],[]},{rule_porsche_event,39,3091,-1,[{rule_porsche_can,40,is_all_monster_die,nil},{rule_porsche_can,41,is_player_in_x,"\b"}],[{rule_porsche_do,true,42,set_state,[{0,4}]},{rule_porsche_do,true,43,must_send_evt,[{1000,3091}]}],[]},{rule_porsche_event,10002,10002,-1,[],[{rule_porsche_do,nil,10001,can_do_lock_area,nil}],[]}]},{rule_porsche_state,44,4,[{rule_porsche_event,45,10006,1,[],[{rule_porsche_do,true,46,trace,[state_4]},{rule_porsche_do,true,47,lock_area,[{2,{0,107}}]}],[]},{rule_porsche_event,48,10002,-1,[{rule_porsche_can,49,is_all_player_in_x,"7"}],[{rule_porsche_do,true,50,lock_area,[{3,{50,107}}]},{rule_porsche_do,true,51,set_state,[{0,5}]}],[]},{rule_porsche_event,10003,10002,-1,[],[{rule_porsche_do,nil,10001,can_do_lock_area,nil}],[]}]},{rule_porsche_state,52,5,[{rule_porsche_event,53,10006,1,[],[{rule_porsche_do,true,54,trace,[state_5]},{rule_porsche_do,true,55,create_monsters,[[{1221111,70,16,0,7,7}]]},{rule_porsche_do,true,56,set_timer,[{2000,5091}]}],[]},{rule_porsche_event,57,5091,-1,[{rule_porsche_can,58,is_all_monster_die,nil}],[{rule_porsche_do,true,59,set_state,[{0,6}]},{rule_porsche_do,true,60,must_send_evt,[{1000,5091}]}],[]},{rule_porsche_event,10004,10002,-1,[],[{rule_porsche_do,nil,10001,can_do_lock_area,nil}],[]}]},{rule_porsche_state,61,6,[{rule_porsche_event,62,10006,1,[],[{rule_porsche_do,true,63,trace,[state_6]},{rule_porsche_do,true,64,create_monsters,[[{1221111,70,16,0,7,7}]]},{rule_porsche_do,true,65,create_monsters,[[{1221111,75,17,0,7,8}]]},{rule_porsche_do,true,66,set_timer,[{2000,6091}]}],[]},{rule_porsche_event,67,6091,-1,[{rule_porsche_can,68,is_all_monster_die,nil}],[{rule_porsche_do,true,69,set_state,[{0,7}]},{rule_porsche_do,true,70,must_send_evt,[{1000,6091}]}],[]},{rule_porsche_event,10005,10002,-1,[],[{rule_porsche_do,nil,10001,can_do_lock_area,nil}],[]}]},{rule_porsche_state,71,7,[{rule_porsche_event,72,10006,1,[],[{rule_porsche_do,true,73,trace,[state_7]},{rule_porsche_do,true,74,create_monsters,[[{1221111,70,16,0,7,7}]]},{rule_porsche_do,true,75,create_monsters,[[{1221111,75,17,0,7,8}]]},{rule_porsche_do,true,76,create_monsters,[[{1221111,80,16,0,7,9}]]},{rule_porsche_do,true,77,set_timer,[{2000,7091}]}],[]},{rule_porsche_event,78,7091,-1,[{rule_porsche_can,79,is_all_monster_die,nil}],[{rule_porsche_do,true,80,set_state,[{0,8}]},{rule_porsche_do,true,81,must_send_evt,[{1000,7091}]}],[]},{rule_porsche_event,10006,10002,-1,[],[{rule_porsche_do,nil,10001,can_do_lock_area,nil}],[]}]},{rule_porsche_state,82,8,[{rule_porsche_event,83,10006,1,[],[{rule_porsche_do,true,84,trace,[state_8]},{rule_porsche_do,true,85,create_monsters,[[{1221111,70,16,0,7,7}]]},{rule_porsche_do,true,86,create_monsters,[[{1221111,75,17,0,7,8}]]},{rule_porsche_do,true,87,create_monsters,[[{1221111,80,16,0,7,9}]]},{rule_porsche_do,true,88,create_monsters,[[{1221111,85,17,0,7,10}]]},{rule_porsche_do,true,89,set_timer,[{2000,8091}]}],[]},{rule_porsche_event,90,8091,-1,[{rule_porsche_can,91,is_all_monster_die,nil}],[{rule_porsche_do,true,92,set_state,[{0,9}]},{rule_porsche_do,true,93,must_send_evt,[{1000,8091}]}],[]},{rule_porsche_event,10007,10002,-1,[],[{rule_porsche_do,nil,10001,can_do_lock_area,nil}],[]}]},{rule_porsche_state,94,9,[{rule_porsche_event,95,10006,1,[],[{rule_porsche_do,true,96,active_transport_door,[1013]}],[]},{rule_porsche_event,10008,10002,-1,[],[{rule_porsche_do,nil,10001,can_do_lock_area,nil}],[]}]}],1,#Fun<room_system.gearbox_callback.1>,#Fun<porsche_gearbox.0.66971739>}},{{'@view_block@',{6,0}},{1,{-1,nil,nil}}},{'@room_key@',nil},{{'@view_block@',{7,0}},{1,{-1,nil,nil}}},{{'@view_block@',{11,3}},{0,nil}},{{'@view_block@',{7,1}},{1,{-1,nil,nil}}},{{'@view_block@',{1,3}},{0,nil}},{{'@view_block@',{0,2}},{1,{-1,nil,nil}}},{{'@view_block@',{0,1}},{1,{-1,nil,nil}}},{{'@view_block@',{11,1}},{0,nil}},{pd_drop_mng,{0,nil}},{{'@view_block@',{3,0}},{1,{-1,nil,nil}}},{{'@view_block@',{9,3}},{0,nil}},{{'@p_block@',{2,1}},{1,{-1,nil,nil}}},{{'@view_block@',{8,0}},{0,nil}},{{'@view_block@',{7,3}},{0,nil}},{pd_player_free_id,{0,nil}},{pd_player_max_id,0},{random_seed,{1463,9107,20961}},{pd_all_lock_area_list,[]},{{'@skill_pool@',2002011},{{3,3},4000,2002011}},{{'@view_block@',{3,2}},{1,{-1,nil,nil}}},{pd_drop_info,{0,nil}},{{agent,-1},{agent,-1,2,agent_monster,1001110,20,16,0,3,35,35,{{0,0},7,2},1,{2,1},90,90,1000,1000,{attr,100001,90,0,0,0,0,0,0,0,5,100,214,0,100,0,0,0,0,0,500,0,50,0,50,0,50,60,90,0,0,0},{move_vec,none,none,none,none,none,0,0,0,60,60,60,60,0},false,false,none,st_stroll_wait,none,none,1,{monster,-1},<<1,0,15,70,150>>,{m_ex,monster_ai_default,undefined,undefined},none,none,none,none,[],undefined,1,[],{pl_ba_ti_info,0},none,{pl_stiff_info,0},{pl_attack_info,0},none,true,none,none,none,none,none,10,[],[],nil,#Ref<0.0.0.4781>,[],20,16,0,0}},{{'@view_block@',{0,0}},{1,{-1,nil,nil}}},{{'@view_block@',{7,2}},{1,{-1,nil,nil}}},{{'@view_block@',{8,1}},{0,nil}},{pd_cfg_type,3},{pd_cfg_node,local},{{'@view_block@',{0,3}},{0,nil}},{{'@view_block@',{2,1}},{1,{-1,nil,nil}}},{pd_team_id,2},{pd_cfg_id,10031},{{'@view_block@',{1,2}},{1,{-1,nil,nil}}},{pd_cfg_commands,[]},{{'@view_block@',{4,1}},{1,{-1,nil,nil}}},{{'@view_block@',{2,2}},{1,{-1,nil,nil}}},{{'@view_block@',{1,1}},{1,{-1,nil,nil}}},{{'@m_skill_mng@',-1},{mng,[{{3,3},4000,2002011}],[]}},{{'@view_block@',{10,2}},{0,nil}},{pd_monster_index,2},{{'@view_block@',{3,3}},{0,nil}},{pd_cfg_enter,{4,16}},{{'@view_block@',{10,1}},{0,nil}},{{'@view_block@',{4,3}},{0,nil}},{{'@room_porsche@',1,10000},{rule_evt_data,0,-1,[]}}]
    trap_exit: false
    status: running
    heap_size: 121536
    stack_size: 27
    reductions: 856037
  neighbours:
2016-05-10 21:46:20 =SUPERVISOR REPORT====
     Supervisor: {local,room_sup}
     Context:    child_terminated
     Reason:     {{badmatch,{error,enoent}},[{load_rule_chart,get_states,1,[{file,"src/game/util/rule_chart/load_rule_chart.erl"},{line,43}]},{mst_ai_sys,change_ai,3,[{file,"src/game/link/wk_room/monster_ai/mst_ai_sys.erl"},{line,114}]},{mst_ai_sys,init,2,[{file,"src/game/link/wk_room/monster_ai/mst_ai_sys.erl"},{line,60}]},{scene_monster,monster_enter_scene__,3,[{file,"src/game/link/wk_scene/agent_factory/agent/monster/scene_monster.erl"},{line,416}]},{rm_monster,'-create_monsters/1-fun-0-',1,[{file,"src/game/link/wk_room/room_plug/rm_monster.erl"},{line,38}]},{lists,foreach,2,[{file,"lists.erl"},{line,1336}]},{porsche_gearbox,evt_do,3,[{file,"src/game/util/rule_chart/porsche_gearbox.erl"},{line,424}]},{room_system,gearbox_callback,1,[{file,"src/game/link/wk_room/room_system.erl"},{line,447}]}]}
     Offender:   [{pid,<0.1127.0>},{name,room_scene},{mfargs,{otp_util,callback_starting,undefined}},{restart_type,temporary},{shutdown,5000},{child_type,worker}]

2016-05-10 21:46:23 =ERROR REPORT====
** Generic server <0.1120.0> terminating 
** Last message in was {tcp,#Port<0.13226>,<<0,0,0,0,0,2,149,8,2,2>>}
** When Server state == {connect_state,<<"player">>,undefined}
** Reason for termination == 
** crash
2016-05-10 21:46:23 =CRASH REPORT====
  crasher:
    initial call: player_eng:init/1
    pid: <0.1120.0>
    registered_name: []
    exception exit: {crash,[{gen_server,terminate,6,[{file,"gen_server.erl"},{line,746}]},{proc_lib,init_p_do_apply,3,[{file,"proc_lib.erl"},{line,239}]}]}
    ancestors: [player_sup,mobile_game_sup,<0.918.0>]
    messages: []
    links: [#Port<0.13226>,<0.967.0>]
    dictionary: [{'@pd_is_enter_room_action@',0},{6006,{attr,0,21,0,0,0,0,0,0,0,30,2,0,0,0,0,0,0,0,0,0,0,0,0,0,0,0,0,0,0,0,0}},{6005,0},{pd_last_logout_time,1462887983},{pd_course_boss_list,[1,2,3,4,5,6,7,8,9,10,11,12,13,14,15,16,17,18,19,20,21,22,23,24]},{6004,0},{pd_crown_dressed_gems,[]},{6003,0},{g_misc_tab,{g_misc_tab,7,[{100010001000002,[]}]}},{6002,[]},{6001,0},{pd_exp,0},{pd_money,0},{pd_daily_value,{0,nil}},{pd_alread_offline,true},{pd_course_buy_count,0},{pd_main_chapter_prize_statue_list,[{{7,3},{0,0,0}},{{7,2},{0,0,0}},{{7,1},{0,0,0}},{{2,3},{0,0,0}},{{2,2},{0,0,0}},{{2,1},{0,0,0}},{{9,3},{0,0,0}},{{9,2},{0,0,0}},{{9,1},{0,0,0}},{{1,3},{0,0,0}},{{1,2},{0,0,0}},{{1,1},{0,0,0}},{{10,2},{0,0,0}},{{10,1},{0,0,0}}]},{pd_robot_id,-1},{pd_socket,#Port<0.13226>},{pd_longwens,19},{player_skill_tab,{player_skill_tab,100010001000002,[1001011,1001021,1001031,1001041,1001051,1001061,1001071,1001081,1001091,1001092,1001101,1001111,1001112,1001121,1001122,1001123,1001124,1001125,1001126,1001127,1001128,1001129,1001130,1001131,1001132,1001133,1001141,1001142,1001151,1001152,1001155,1001156,1001161,1001162,1001163,1001164,1001165,1001171,1001172,1001173,1001174,1001175,1001176,1001177,1001178,1001179,1001180,1001181,1001182,1001183,1001184,1001185,1001191,1002191,1003191,1011121,1011122,1011123,1011124,1011125,1011126,1011127,1011128,1011129,1011130,1011155,1011156],[{4,1001111}],1,[],[]}},{pd_sp,100},{pd_name_pkg,<<12,232,142,171,233,155,183,230,178,131,231,137,185>>},{pd_last_online_time,1462887960},{pd_alchemy_pay_count,0},{player_honest_user_tab,{player_honest_user_tab,100010001000002,1,0}},{pd_pet_treasure_log,[]},{pd_skill_dress_group_id,1},{pd_fragment,0},{random_seed,{1283,4807,10650}},{pd_attr,{attr,1040,0,1000,100,0,68,54,41,113,0,0,23,0,41,0,0,0,0,0,0,0,0,0,0,0,0,80,115,0,0,0}},{player_data_tab,{player_data_tab,100010001000002,[{7003,0},{7004,<<0,0,0,0,0,0,0,0,0,0,0,0,0,15,28,8,0,0,0,0,0,0,0,0,0,0,0,0,128,0,0,0,0,0,0,0,0,0,0,0,0,0,0,0,0,0,0,0,0,0>>},{7005,{dial_prize,[{1,3304,1,0},{2,3303,1,0},{3,3303,1,0},{4,3302,1,0},{5,3302,1,0},{6,3301,1,0},{7,3301,1,0},{8,910303011,1,0}],0}},{7006,{2016,5,10}},{7007,{login_prize,0,1}},{7008,0},{7009,0},{7010,1462887891},{7011,1465479891},{7012,0},{7013,0},{7014,0},{7015,{pay_orders,0,[]}},{7016,0},{7017,[]},{7018,3},{7019,{bucket_interface,10000011,222,3,7019,10009,[],[{1001,10},{2001,0}]}},{7020,{bucket_interface,10000012,222,1,7020,10008,[],[{1001,16},{2001,0}]}},{7021,{bucket_interface,10000013,222,2,7021,10010,[],[{1001,16},{2001,0}]}},{7022,[{task_progress_tab,1104,1,1},{task_progress_tab,0,85,84},{task_progress_tab,1001,1,0},{task_progress_tab,1039,1,1},{task_progress_tab,1038,1,1},{task_progress_tab,1037,1,1},{task_progress_tab,1036,1,1},{task_progress_tab,1035,1,1}]},{7023,[{task_tab,1104,{1104,40043},task_over,[]},{task_tab,0,{0,14023},task_finishing,[]},{task_tab,1001,{1001,40001},task_finishing,[]},{task_tab,1039,{1039,60005},task_over,[]},{task_tab,1038,{1038,60004},task_over,[]},{task_tab,1037,{1037,60003},task_over,[]},{task_tab,1036,{1036,60002},task_over,[]},{task_tab,1035,{1035,60001},task_over,[]}]},{7024,[{31025,2,0,31002},{31027,2,0,31002},{31029,9,0,31009}]},{7025,0},{7026,0},{7027,0},{7028,0},{7029,0},{7030,0},{7031,0},{7032,0},{7033,1462887879},{7034,0},{7035,50},{7036,0},{7037,1000002},{7038,0},{7039,27},{7040,1462887960},{7041,false},{7042,0},{7043,20},{7044,[{100010001000002,[{100000001,[]}]}]},{7045,0},{7046,0},{7047,0},{7048,[]},{7049,[]},{7050,{0,1,[{1,10,0,30001},{2,10,0,30002},{3,10,0,30003},{4,10,0,30004},{5,10,0,30005}]}},{7051,0},{7052,0},{7053,[]},{7054,0},{7055,{0,[]}},{6001,0},{6002,[]},{6003,0},{6004,0},{6005,0},{102,0}]}},{100015,<<"fz11">>},{100014,<<"fz11">>},{100013,55942},{100012,"192.168.0.253"},{100009,<<"Android Version: 17">>},{100008,<<"Samsung GT-S7562">>},{100007,<<"554661a65ec7be3c">>},{100006,<<"74:D4:35:41:DC:00">>},{100005,[]},{suit_prize_state,0},{pd_iprogress_list,[1,2,3,4]},{100004,20},{100003,35},{offline_auto_stop_timers,[]},{100002,1},{player_attr_image_tab,{player_attr_image_tab,100010001000002,{attr,0,1784,1054,100,0,74,54,41,114,452,228,146,0,41,0,0,0,0,0,0,0,0,0,0,0,0,80,115,0,0,0}}},{pd_combat_power,1815},{100001,1},{7999,0},{7039,50},{7038,0},{7037,1000002},{pd_level,40},{7036,0},{7035,50},{7034,0},{7033,1462887879},{7032,0},{7031,0},{pd_attr_sync_in_attr_new,0},{7030,0},{pd_is_die,false},{7029,0},{pd_diamond,0},{pd_ac_list,[{ac,40047,0,0,0,[1,2,4],1,0},{ac,40046,0,0,0,[1,2,4],1,0},{ac,40045,0,0,0,[1000,10000,100000],1,0},{ac,40044,0,1,0,"(Pd",1,0},{ac,40043,0,0,0,[10000,50000,100000],1,0},{ac,40042,0,0,0,[1000000,10000000,100000000],1,0},{ac,40041,0,0,0,"\n2d",1,0},{ac,40040,0,0,0,[5,8,10],1,0},{ac,40039,0,0,0,[500,1000,5000],1,0},{ac,40038,0,0,0,[500,1000,5000],1,0},{ac,40037,0,0,0,[500,1000,5000],1,0},{ac,40036,0,0,0,[100,500,1000],1,0},{ac,40035,0,0,0,[100,500,1000],1,0},{ac,40034,0,0,0,[100,500,1000],1,0},{ac,40033,0,0,0,[500,2000,5000],1,0},{ac,40025,0,0,0,[100,1000,5000],1,0},{ac,40024,0,0,0,[100,500,1000],1,0},{ac,40023,0,0,0,[100,200,500],1,0},{ac,40022,0,0,0,[100,500,1000],1,0},{ac,40021,0,0,0,[50,200,300],1,0},{ac,40020,0,0,0,[10,20,30],1,0},{ac,40019,0,0,0,[100,500,1000],1,0},{ac,40018,0,0,0,[100,500,1000],1,0},{ac,40017,0,0,0,"\n2d",1,0},{ac,40016,0,0,0,[10,15,20],1,0},{ac,40015,0,0,0,[10,20,50],1,0},{ac,40014,0,0,{10011,1},[10,15,20],1,0},{ac,40013,0,0,1,[18,48,54],1,0},{ac,40011,0,0,0,[100,500,1000],1,0},{ac,40010,0,0,11020,[1],1,0},{ac,40009,0,0,0,[1],1,0},{ac,40008,0,0,0,[1],1,0},{ac,40007,0,0,0,[100,200,500],1,0},{ac,40006,0,0,0,[100,500,1000],1,0},{ac,40005,0,0,0,[50,100,1000],1,0},{ac,40004,0,0,0,[100,500,1000],1,0},{ac,10002,0,0,0,[100,1000,10000],1,0},{ac,10001,0,0,0,[10,100,1000],1,0}]},{7028,0},{flowId,514},{7027,0},{pd_back_items,[]},{pd_all_pets,[]},{7026,0},{player_pc_goal_tab,{player_pc_goal_tab,100010001000002,[]}},{player_event_tab,{event_tab,100010001000002,{event_eng,{0,nil}}}},{7025,0},{7024,[{31025,2,0,31002},{31027,2,0,31002},{31029,9,0,31009}]},{7023,[{task_tab,1104,{1104,40043},task_over,[]},{task_tab,0,{0,14023},task_finishing,[]},{task_tab,1001,{1001,40001},task_finishing,[]},{task_tab,1039,{1039,60005},task_over,[]},{task_tab,1038,{1038,60004},task_over,[]},{task_tab,1037,{1037,60003},task_over,[]},{task_tab,1036,{1036,60002},task_over,[]},{task_tab,1035,{1035,60001},task_over,[]}]},{7022,[{task_progress_tab,1104,1,1},{task_progress_tab,0,85,84},{task_progress_tab,1001,1,0},{task_progress_tab,1039,1,1},{task_progress_tab,1038,1,1},{task_progress_tab,1037,1,1},{task_progress_tab,1036,1,1},{task_progress_tab,1035,1,1}]},{7021,{bucket_interface,10000013,222,2,7021,10010,[],[{1001,16},{2001,0}]}},{7020,{bucket_interface,10000012,222,1,7020,10008,[],[{1001,16},{2001,0}]}},{7019,{bucket_interface,10000011,222,3,7019,10009,[],[{1001,10},{2001,0}]}},{7018,3},{7017,[]},{7016,0},{7015,{pay_orders,0,[]}},{7014,0},{pd_name,<<232,142,171,233,155,183,230,178,131,231,137,185>>},{process_type,player},{7013,0},{7012,0},{7011,1465479891},{7010,1462887891},{player_sky_ins_tab,{player_sky_ins_tab,100010001000002,0,0,0,0}},{7009,0},{7008,0},{pd_mp,4062},{pd_add_hp_mp_info,{0,{5,1}}},{7007,{login_prize,0,1}},{7006,{2016,5,10}},{7005,{dial_prize,[{1,3304,1,0},{2,3303,1,0},{3,3303,1,0},{4,3302,1,0},{5,3302,1,0},{6,3301,1,0},{7,3301,1,0},{8,910303011,1,0}],0}},{7004,<<0,0,0,0,0,0,0,0,0,0,0,0,0,15,28,8,0,0,0,0,0,0,0,0,0,0,0,0,128,0,0,0,0,0,0,0,0,0,0,0,0,0,0,0,0,0,0,0,0,0>>},{7003,0},{pd_crown_mng,{0,nil}},{pd_longwens_mng,{0,nil}},{pd_proc_timer_mng,{0,nil}},{pd_create_time,1462887890},{pd_pet_treasure,[]},{pd_item_id,1},{pd_sp_buy_count,0},{pd_crown_gen_id,1},{main_chapter_prize_status,{main_chapter_prize_status,100010001000002,[{{7,3},{0,0,0}},{{7,2},{0,0,0}},{{7,1},{0,0,0}},{{2,3},{0,0,0}},{{2,2},{0,0,0}},{{2,1},{0,0,0}},{{9,3},{0,0,0}},{{9,2},{0,0,0}},{{9,1},{0,0,0}},{{1,3},{0,0,0}},{{1,2},{0,0,0}},{{1,1},{0,0,0}},{{10,2},{0,0,0}},{{10,1},{0,0,0}}]}},{player_limit_value_tab,{limit_value_tab,100010001000002,{0,nil}}},{player_pc_prize_tab,{player_pc_prize_tab,100010001000002,[]}},{player_main_ins_tab,{player_main_ins_tab,100010001000002,0,{72,{10321,{main_ins,10321,30,50,1,9,1000,0,1},{10131,{main_ins,10131,30,50,1,9,1000,0,1},{10031,{main_ins,10031,30,50,1,9,1000,0,1},{10021,{main_ins,10021,30,50,1,9,1000,0,1},{10011,{main_ins,10011,30,50,1,9,1000,0,1},nil,nil},nil},{10121,{main_ins,10121,30,50,1,9,1000,0,1},{10111,{main_ins,10111,30,50,1,9,1000,0,1},nil,nil},nil}},{10231,{main_ins,10231,30,50,1,9,1000,0,1},{10221,{main_ins,10221,30,50,1,9,1000,0,1},{10211,{main_ins,10211,30,50,1,9,1000,0,1},nil,nil},nil},{10311,{main_ins,10311,30,50,1,9,1000,0,1},nil,nil}}},{11111,{main_ins,11111,30,50,1,9,1000,0,1},{10721,{main_ins,10721,30,50,1,9,1000,0,1},{10521,{main_ins,10521,30,50,1,9,1000,0,1},{10421,{main_ins,10421,30,50,1,9,1000,0,1},{10411,{main_ins,10411,30,50,1,9,1000,0,1},{10331,{main_ins,10331,30,50,1,9,1000,0,1},nil,nil},nil},{10511,{main_ins,10511,30,50,1,9,1000,0,1},{10431,{main_ins,10431,30,50,1,9,1000,0,1},nil,nil},nil}},{10621,{main_ins,10621,30,50,1,9,1000,0,1},{10611,{main_ins,10611,30,50,1,9,1000,0,1},{10531,{main_ins,10531,30,50,1,9,1000,0,1},nil,nil},nil},{10711,{main_ins,10711,30,50,1,9,1000,0,1},{10631,{main_ins,10631,30,50,1,9,1000,0,1},nil,nil},nil}}},{10921,{main_ins,10921,30,50,1,9,1000,0,1},{10821,{main_ins,10821,30,50,1,9,1000,0,1},{10811,{main_ins,10811,30,50,1,9,1000,0,1},{10731,{main_ins,10731,30,50,1,9,1000,0,1},nil,nil},nil},{10911,{main_ins,10911,30,50,1,9,1000,0,1},{10831,{main_ins,10831,30,50,1,9,1000,0,1},nil,nil},nil}},{11021,{main_ins,11021,30,50,1,9,1000,0,1},{11011,{main_ins,11011,30,50,1,9,1000,0,1},{10931,{main_ins,10931,30,50,1,9,1000,0,1},nil,nil},nil},{11031,{main_ins,11031,30,50,1,9,1000,0,1},nil,nil}}}},{11431,{main_ins,11431,30,50,1,9,1000,0,1},{11311,{main_ins,11311,30,50,1,9,1000,0,1},{11211,{main_ins,11211,30,50,1,9,1000,0,1},{11131,{main_ins,11131,30,50,1,9,1000,0,1},{11121,{main_ins,11121,30,50,1,9,1000,0,1},nil,nil},nil},{11231,{main_ins,11231,30,50,1,9,1000,0,1},{11221,{main_ins,11221,30,50,1,9,1000,0,1},nil,nil},nil}},{11411,{main_ins,11411,30,50,1,9,1000,0,1},{11331,{main_ins,11331,30,50,1,9,1000,0,1},{11321,{main_ins,11321,30,50,1,9,1000,0,1},nil,nil},nil},{11421,{main_ins,11421,30,50,1,9,1000,0,1},nil,nil}}},{11631,{main_ins,11631,30,50,1,9,1000,0,1},{11531,{main_ins,11531,30,50,1,9,1000,0,1},{11521,{main_ins,11521,30,50,1,9,1000,0,1},{11511,{main_ins,11511,30,50,1,9,1000,0,1},nil,nil},nil},{11621,{main_ins,11621,30,50,1,9,1000,0,1},{11611,{main_ins,11611,30,50,1,9,1000,0,1},nil,nil},nil}},{12021,{main_ins,12021,30,50,1,9,1000,0,1},{11831,{main_ins,11831,30,50,1,9,1000,0,1},{11731,{main_ins,11731,30,50,1,9,1000,0,1},{11721,{main_ins,11721,30,50,1,9,1000,0,1},{11711,{main_ins,11711,30,50,1,9,1000,0,1},nil,nil},nil},{11821,{main_ins,11821,30,50,1,9,1000,0,1},{11811,{main_ins,11811,30,50,1,9,1000,0,1},nil,nil},nil}},{11931,{main_ins,11931,30,50,1,9,1000,0,1},{11921,{main_ins,11921,30,50,1,9,1000,0,1},{11911,{main_ins,11911,30,50,1,9,1000,0,1},nil,nil},nil},{12011,{main_ins,12011,30,50,1,9,1000,0,1},nil,nil}}},{12211,{main_ins,12211,30,50,1,9,1000,0,1},{12121,{main_ins,12121,30,50,1,9,1000,0,1},{12111,{main_ins,12111,30,50,1,9,1000,0,1},{12031,{main_ins,12031,30,50,1,9,1000,0,1},nil,nil},nil},{12131,{main_ins,12131,30,50,1,9,1000,0,1},nil,nil}},{12321,{main_ins,12321,30,50,1,9,1000,0,1},{12311,{main_ins,12311,30,50,1,9,1000,0,1},{12221,{main_ins,12221,30,50,1,9,1000,0,1},nil,{12231,{main_ins,12231,30,50,1,9,1000,0,1},nil,nil}},nil},{12331,{main_ins,12331,30,50,1,9,1000,0,1},nil,nil}}}}}}}}}}},{player_equip_tab,{player_backet_tab,100010001000002,{bucket_interface,10000011,222,3,7019,10009,[],[{1001,10},{2001,0}]}}},{player_attr_tab,{player_attr_tab,100010001000002,{attr,1040,0,1000,100,0,68,54,41,113,0,0,23,0,41,0,0,0,0,0,0,0,0,0,0,0,0,80,115,0,0,0}}},{player_tab,{player_tab,100010001000002,<<232,142,171,233,155,183,230,178,131,231,137,185>>,1,40,1784,4062,19,0,0,0,0,0,0,0,100,0,undefined,undefined,undefined,103,23,18,1462887890,1462887890,1462887983,1815,1,{0,{5,1}}}},{pd_long_wen,0},{10030,false},{10025,1},{pd_event_eng,{event_eng,{0,nil}}},{pd_timer_run_mng,{0,nil}},{102,0},{pd_last_login_time,1462887890},{10020,1},{pd_save_scene_id,103},{10019,[{100000001,[]}]},{pd_dressed_skills,[{4,1001111}]},{player_pets,{player_pets,100010001000002,[],[],[],0}},{pd_career,1},{pd_honour,0},{player_crown_tab,{player_crown_tab,100010001000002,1,0,[],[],{0,nil}}},{player_daily_tab,{player_daily_tab,100010001000002,[{daily_data,3,0,0,0,[]},{daily_data,2,0,0,0,[]},{daily_data,1,0,0,0,[]},{daily_data,2,0,0,0,[]},{daily_data,3,0,0,0,[]}]}},{10017,0},{10015,1},{10013,[]},{pd_skill_mng,{67,{1001162,{1001124,{1001091,{1001051,{1001031,{1001021,{1001011,nil,nil},nil},{1001041,nil,nil}},{1001071,{1001061,nil,nil},{1001081,nil,nil}}},{1001112,{1001101,{1001092,nil,nil},{1001111,nil,nil}},{1001122,{1001121,nil,nil},{1001123,nil,nil}}}},{1001133,{1001129,{1001127,{1001126,{1001125,nil,nil},nil},{1001128,nil,nil}},{1001131,{1001130,nil,nil},{1001132,nil,nil}}},{1001152,{1001142,{1001141,nil,nil},{1001151,nil,nil}},{1001156,{1001155,nil,nil},{1001161,nil,nil}}}}},{1001184,{1001176,{1001172,{1001165,{1001164,{1001163,nil,nil},nil},{1001171,nil,nil}},{1001174,{1001173,nil,nil},{1001175,nil,nil}}},{1001180,{1001178,{1001177,nil,nil},{1001179,nil,nil}},{1001182,{1001181,nil,nil},{1001183,nil,nil}}}},{1011125,{1011121,{1002191,{1001191,{1001185,nil,nil},nil},{1003191,nil,nil}},{1011123,{1011122,nil,nil},{1011124,nil,nil}}},{1011129,{1011127,{1011126,nil,nil},{1011128,nil,nil}},{1011155,{1011130,nil,nil},{1011156,nil,nil}}}}}}}},{pd_timer_stop_mng,{0,nil}},{pd_course_count,0},{10004,{0,nil}},{pd_fight_pets,0},{10003,{0,nil}},{10002,[]},{player_achievement_tab,{player_achievement_tab,100010001000002,[{ac,40047,0,0,0,[1,2,4],1,0},{ac,40046,0,0,0,[1,2,4],1,0},{ac,40045,0,0,0,[1000,10000,100000],1,0},{ac,40044,0,1,0,"(Pd",1,0},{ac,40043,0,0,0,[10000,50000,100000],1,0},{ac,40042,0,0,0,[1000000,10000000,100000000],1,0},{ac,40041,0,0,0,"\n2d",1,0},{ac,40040,0,0,0,[5,8,10],1,0},{ac,40039,0,0,0,[500,1000,5000],1,0},{ac,40038,0,0,0,[500,1000,5000],1,0},{ac,40037,0,0,0,[500,1000,5000],1,0},{ac,40036,0,0,0,[100,500,1000],1,0},{ac,40035,0,0,0,[100,500,1000],1,0},{ac,40034,0,0,0,[100,500,1000],1,0},{ac,40033,0,0,0,[500,2000,5000],1,0},{ac,40025,0,0,0,[100,1000,5000],1,0},{ac,40024,0,0,0,[100,500,1000],1,0},{ac,40023,0,0,0,[100,200,500],1,0},{ac,40022,0,0,0,[100,500,1000],1,0},{ac,40021,0,0,0,[50,200,300],1,0},{ac,40020,0,0,0,[10,20,30],1,0},{ac,40019,0,0,0,[100,500,1000],1,0},{ac,40018,0,0,0,[100,500,1000],1,0},{ac,40017,0,0,0,"\n2d",1,0},{ac,40016,0,0,0,[10,15,20],1,0},{ac,40015,0,0,0,[10,20,50],1,0},{ac,40014,0,0,{10011,1},[10,15,20],1,0},{ac,40013,0,0,1,[18,48,54],1,0},{ac,40011,0,0,0,[100,500,1000],1,0},{ac,40010,0,0,11020,[1],1,0},{ac,40009,0,0,0,[1],1,0},{ac,40008,0,0,0,[1],1,0},{ac,40007,0,0,0,[100,200,500],1,0},{ac,40006,0,0,0,[100,500,1000],1,0},{ac,40005,0,0,0,[50,100,1000],1,0},{ac,40004,0,0,0,[100,500,1000],1,0},{ac,10002,0,0,0,[100,1000,10000],1,0},{ac,10001,0,0,0,[10,100,1000],1,0}]}},{player_seller_tab,{player_seller_tab,100010001000002,[{2,1},{3,1},{7,1},{5,1},{6,1},{10,1}],1462887939,1462916739}},{player_abyss_tab,{player_abyss_tab,100010001000002,0,0,0,0,0,0}},{player_alchemy_tab,{player_alchemy_tab,100010001000002,0,0}},{10001,[]},{cur_account_info,{account_tab,<<"fz11">>,[{2,100010001000002}],1,1462887886,<<>>,2,1}},{pd_save_y,18},{pd_save_x,23},{9031,{player_sky_ins_tab,100010001000002,0,0,0,0}},{9030,{player_daily_tab,100010001000002,[{daily_data,3,0,0,0,[]},{daily_data,2,0,0,0,[]},{daily_data,1,0,0,0,[]},{daily_data,2,0,0,0,[]},{daily_data,3,0,0,0,[]}]}},{9029,{player_abyss_tab,100010001000002,0,0,0,0,0,0}},{9028,0},{9027,0},{pd_skill_reset_longwens,[]},{9026,[]},{pd_crown_anger,0},{player_course_boss_tab,{player_course_boss_tab,100010001000002,0,0,[1,2,3,4,5,6,7,8,9,10,11,12,13,14,15,16,17,18,19,20,21,22,23,24]}},{9025,{[],[]}},{9024,0},{9023,{0,0}},{9022,0},{9021,1462887939},{9020,1462916739},{9019,[{2,1},{3,1},{7,1},{5,1},{6,1},{10,1}]},{process_name,<<232,142,171,233,155,183,230,178,131,231,137,185>>},{pd_id,100010001000002},{9011,0},{player_client_data_tab,{player_client_data_tab,100010001000002,[]}},{player_timer_tab,{timer_tab,100010001000002,{2,{pd_seller_count_down,{{1462916739955,#Ref<0.0.0.4631>},3,{seller_mng,{pd_seller_count_down}}},nil,{player_base_data_timer,{{1462887986000,#Ref<0.0.0.4794>},3,{player_base_data,{pd_player_base_data_count_down_time}}},nil,nil}}},{2,{1462916739955,[{{1462916739955,#Ref<0.0.0.4631>},pd_seller_count_down}],{1462887986000,[{{1462887986000,#Ref<0.0.0.4794>},player_base_data_timer}],nil,nil},nil}},{0,nil},[]}},{pd_hp,1784},{player_main_ins_coin,0},{pd_pearl,0},{9002,{72,{10321,{main_ins,10321,30,50,1,9,1000,0,1},{10131,{main_ins,10131,30,50,1,9,1000,0,1},{10031,{main_ins,10031,30,50,1,9,1000,0,1},{10021,{main_ins,10021,30,50,1,9,1000,0,1},{10011,{main_ins,10011,30,50,1,9,1000,0,1},nil,nil},nil},{10121,{main_ins,10121,30,50,1,9,1000,0,1},{10111,{main_ins,10111,30,50,1,9,1000,0,1},nil,nil},nil}},{10231,{main_ins,10231,30,50,1,9,1000,0,1},{10221,{main_ins,10221,30,50,1,9,1000,0,1},{10211,{main_ins,10211,30,50,1,9,1000,0,1},nil,nil},nil},{10311,{main_ins,10311,30,50,1,9,1000,0,1},nil,nil}}},{11111,{main_ins,11111,30,50,1,9,1000,0,1},{10721,{main_ins,10721,30,50,1,9,1000,0,1},{10521,{main_ins,10521,30,50,1,9,1000,0,1},{10421,{main_ins,10421,30,50,1,9,1000,0,1},{10411,{main_ins,10411,30,50,1,9,1000,0,1},{10331,{main_ins,10331,30,50,1,9,1000,0,1},nil,nil},nil},{10511,{main_ins,10511,30,50,1,9,1000,0,1},{10431,{main_ins,10431,30,50,1,9,1000,0,1},nil,nil},nil}},{10621,{main_ins,10621,30,50,1,9,1000,0,1},{10611,{main_ins,10611,30,50,1,9,1000,0,1},{10531,{main_ins,10531,30,50,1,9,1000,0,1},nil,nil},nil},{10711,{main_ins,10711,30,50,1,9,1000,0,1},{10631,{main_ins,10631,30,50,1,9,1000,0,1},nil,nil},nil}}},{10921,{main_ins,10921,30,50,1,9,1000,0,1},{10821,{main_ins,10821,30,50,1,9,1000,0,1},{10811,{main_ins,10811,30,50,1,9,1000,0,1},{10731,{main_ins,10731,30,50,1,9,1000,0,1},nil,nil},nil},{10911,{main_ins,10911,30,50,1,9,1000,0,1},{10831,{main_ins,10831,30,50,1,9,1000,0,1},nil,nil},nil}},{11021,{main_ins,11021,30,50,1,9,1000,0,1},{11011,{main_ins,11011,30,50,1,9,1000,0,1},{10931,{main_ins,10931,30,50,1,9,1000,0,1},nil,nil},nil},{11031,{main_ins,11031,30,50,1,9,1000,0,1},nil,nil}}}},{11431,{main_ins,11431,30,50,1,9,1000,0,1},{11311,{main_ins,11311,30,50,1,9,1000,0,1},{11211,{main_ins,11211,30,50,1,9,1000,0,1},{11131,{main_ins,11131,30,50,1,9,1000,0,1},{11121,{main_ins,11121,30,50,1,9,1000,0,1},nil,nil},nil},{11231,{main_ins,11231,30,50,1,9,1000,0,1},{11221,{main_ins,11221,30,50,1,9,1000,0,1},nil,nil},nil}},{11411,{main_ins,11411,30,50,1,9,1000,0,1},{11331,{main_ins,11331,30,50,1,9,1000,0,1},{11321,{main_ins,11321,30,50,1,9,1000,0,1},nil,nil},nil},{11421,{main_ins,11421,30,50,1,9,1000,0,1},nil,nil}}},{11631,{main_ins,11631,30,50,1,9,1000,0,1},{11531,{main_ins,11531,30,50,1,9,1000,0,1},{11521,{main_ins,11521,30,50,1,9,1000,0,1},{11511,{main_ins,11511,30,50,1,9,1000,0,1},nil,nil},nil},{11621,{main_ins,11621,30,50,1,9,1000,0,1},{11611,{main_ins,11611,30,50,1,9,1000,0,1},nil,nil},nil}},{12021,{main_ins,12021,30,50,1,9,1000,0,1},{11831,{main_ins,11831,30,50,1,9,1000,0,1},{11731,{main_ins,11731,30,50,1,9,1000,0,1},{11721,{main_ins,11721,30,50,1,9,1000,0,1},{11711,{main_ins,11711,30,50,1,9,1000,0,1},nil,nil},nil},{11821,{main_ins,11821,30,50,1,9,1000,0,1},{11811,{main_ins,11811,30,50,1,9,1000,0,1},nil,nil},nil}},{11931,{main_ins,11931,30,50,1,9,1000,0,1},{11921,{main_ins,11921,30,50,1,9,1000,0,1},{11911,{main_ins,11911,30,50,1,9,1000,0,1},nil,nil},nil},{12011,{main_ins,12011,30,50,1,9,1000,0,1},nil,nil}}},{12211,{main_ins,12211,30,50,1,9,1000,0,1},{12121,{main_ins,12121,30,50,1,9,1000,0,1},{12111,{main_ins,12111,30,50,1,9,1000,0,1},{12031,{main_ins,12031,30,50,1,9,1000,0,1},nil,nil},nil},{12131,{main_ins,12131,30,50,1,9,1000,0,1},nil,nil}},{12321,{main_ins,12321,30,50,1,9,1000,0,1},{12311,{main_ins,12311,30,50,1,9,1000,0,1},{12221,{main_ins,12221,30,50,1,9,1000,0,1},nil,{12231,{main_ins,12231,30,50,1,9,1000,0,1},nil,nil}},nil},{12331,{main_ins,12331,30,50,1,9,1000,0,1},nil,nil}}}}}}}}}},{9001,{0,nil}},{pd_pc_prize,[]},{level_prize_state,1},{pd_scene_pid,<0.964.0>},{pd_instance_ac_list,[{instance_ac,3,[390,330,270,240]},{instance_ac,2,[40,30,20,10]},{instance_ac,1,[10,20,30,40]}]},{8035,{attr,0,1784,54,0,0,0,0,0,0,452,228,123,0,0,0,0,0,0,0,0,0,0,0,0,0,0,0,0,0,0,0}},{8034,{attr,0,0,0,0,0,0,0,0,0,0,0,0,0,0,0,0,0,0,0,0,0,0,0,0,0,0,0,0,0,0,0}},{player_shop_back_tab,{shop_back_tab,100010001000002,0,[]}},{player_mail_tab,{player_mail_tab,100010001000002,[]}},{player_progress_tab,{player_progress_tab,100010001000002,[1,2,3,4]}},{8033,0},{8032,0},{8031,0},{8030,0},{8029,0},{8028,0},{8027,0},{8026,0},{8025,0},{8024,0},{8023,0},{8022,0},{8021,0},{8020,0},{pd_pc_goal_list,[]},{8019,0},{8018,0},{account_tab,{account_tab,<<"fz11">>,[{2,100010001000002}],1,1462887886,<<>>,2,1}},{8017,0},{8016,0},{8015,0},{7055,{0,[]}},{7054,0},{8014,0},{8013,0},{7053,[]},{8012,0},{7052,0},{pd_crown_used_skill,[]},{8011,0},{7051,0},{8010,1},{7050,{0,1,[{1,10,0,30001},{2,10,0,30002},{3,10,0,30003},{4,10,0,30004},{5,10,0,30005}]}},{8009,0},{7049,[]},{8008,0},{7048,[]},{8007,6},{7047,0},{7046,0},{8006,0},{8005,0},{7045,0},{pd_alchemy_count,0},{8004,0},{7044,[{100010001000002,[{100000001,[]}]}]},{8003,0},{7043,20},{8002,0},{7042,0},{7041,false},{8001,0},{8000,0},{7040,0}]
    trap_exit: true
    status: running
    heap_size: 17731
    stack_size: 27
    reductions: 28280
  neighbours:
2016-05-10 21:46:23 =SUPERVISOR REPORT====
     Supervisor: {local,player_sup}
     Context:    child_terminated
     Reason:     crash
     Offender:   [{pid,<0.1120.0>},{name,player},{mfargs,{player_eng,start_link,undefined}},{restart_type,temporary},{shutdown,5000},{child_type,worker}]

